<?xml version="1.0" encoding="UTF-8"?>
<!-- Generated by org.testng.reporters.JUnitReportReporter -->
<testsuite hostname="TINDTHGANAL0027" name="code.log4jtest" tests="1" failures="0" timestamp="13 Jul 2016 05:00:36 GMT" time="0.250" errors="0">
  <testcase name="testappender" time="0.250" classname="code.log4jtest"/>
</testsuite> <!-- code.log4jtest -->
