<?xml version="1.0" encoding="UTF-8"?>
<!-- Generated by org.testng.reporters.JUnitReportReporter -->
<testsuite hostname="TINDTHGANAL0027" name="code.ReadProperty" tests="1" failures="0" timestamp="10 Jul 2016 19:44:56 GMT" time="0.014" errors="0">
  <testcase name="readPr" time="0.014" classname="code.ReadProperty"/>
</testsuite> <!-- code.ReadProperty -->
